# JRE version: Java(TM) SE Runtime Environment (8.0_101-b13) (build 1.8.0_101-b13)
# Java VM: Java HotSpot(TM) 64-Bit Server VM (25.101-b13 mixed mode bsd-amd64 compressed oops)
Heap:
 PSYoungGen      total 71680K, used 10268K [0x0000000795580000, 0x000000079e000000, 0x00000007c0000000)
  eden space 66560K, 7% used [0x0000000795580000,0x0000000795a89978,0x0000000799680000)
  from space 5120K, 99% used [0x0000000799680000,0x0000000799b7d860,0x0000000799b80000)
  to   space 9216K, 0% used [0x000000079d700000,0x000000079d700000,0x000000079e000000)
 ParOldGen       total 47616K, used 8243K [0x0000000740000000, 0x0000000742e80000, 0x0000000795580000)
  object space 47616K, 17% used [0x0000000740000000,0x000000074080cfd8,0x0000000742e80000)
 Metaspace       used 26658K, capacity 27028K, committed 27264K, reserved 1073152K
  class space    used 3314K, capacity 3432K, committed 3456K, reserved 1048576K
GC Heap History (10 events):
Event: 1.796 GC heap before
{Heap before GC invocations=2 (full 0):
 PSYoungGen      total 38400K, used 38392K [0x0000000795580000, 0x0000000798000000, 0x00000007c0000000)
  eden space 33280K, 100% used [0x0000000795580000,0x0000000797600000,0x0000000797600000)
  from space 5120K, 99% used [0x0000000797600000,0x0000000797afe2b0,0x0000000797b00000)
  to   space 5120K, 0% used [0x0000000797b00000,0x0000000797b00000,0x0000000798000000)
 ParOldGen       total 87552K, used 1076K [0x0000000740000000, 0x0000000745580000, 0x0000000795580000)
  object space 87552K, 1% used [0x0000000740000000,0x000000074010d310,0x0000000745580000)
 Metaspace       used 15759K, capacity 15970K, committed 16000K, reserved 1062912K
  class space    used 1828K, capacity 1910K, committed 1920K, reserved 1048576K
Event: 1.810 GC heap after
Heap after GC invocations=2 (full 0):
 PSYoungGen      total 38400K, used 5092K [0x0000000795580000, 0x000000079a080000, 0x00000007c0000000)
  eden space 33280K, 0% used [0x0000000795580000,0x0000000795580000,0x0000000797600000)
  from space 5120K, 99% used [0x0000000797b00000,0x0000000797ff9160,0x0000000798000000)
  to   space 5120K, 0% used [0x0000000797600000,0x0000000797600000,0x0000000797b00000)
 ParOldGen       total 87552K, used 3652K [0x0000000740000000, 0x0000000745580000, 0x0000000795580000)
  object space 87552K, 4% used [0x0000000740000000,0x00000007403910f8,0x0000000745580000)
 Metaspace       used 15759K, capacity 15970K, committed 16000K, reserved 1062912K
  class space    used 1828K, capacity 1910K, committed 1920K, reserved 1048576K
}
Event: 12.961 GC heap before
{Heap before GC invocations=3 (full 0):
 PSYoungGen      total 38400K, used 38372K [0x0000000795580000, 0x000000079a080000, 0x00000007c0000000)
  eden space 33280K, 100% used [0x0000000795580000,0x0000000797600000,0x0000000797600000)
  from space 5120K, 99% used [0x0000000797b00000,0x0000000797ff9160,0x0000000798000000)
  to   space 5120K, 0% used [0x0000000797600000,0x0000000797600000,0x0000000797b00000)
 ParOldGen       total 87552K, used 3652K [0x0000000740000000, 0x0000000745580000, 0x0000000795580000)
  object space 87552K, 4% used [0x0000000740000000,0x00000007403910f8,0x0000000745580000)
 Metaspace       used 19647K, capacity 19914K, committed 20224K, reserved 1067008K
  class space    used 2332K, capacity 2434K, committed 2560K, reserved 1048576K
Event: 12.977 GC heap after
Heap after GC invocations=3 (full 0):
 PSYoungGen      total 38400K, used 5103K [0x0000000795580000, 0x000000079a080000, 0x00000007c0000000)
  eden space 33280K, 0% used [0x0000000795580000,0x0000000795580000,0x0000000797600000)
  from space 5120K, 99% used [0x0000000797600000,0x0000000797afbcd8,0x0000000797b00000)
  to   space 5120K, 0% used [0x0000000799b80000,0x0000000799b80000,0x000000079a080000)
 ParOldGen       total 87552K, used 7046K [0x0000000740000000, 0x0000000745580000, 0x0000000795580000)
  object space 87552K, 8% used [0x0000000740000000,0x00000007406e1818,0x0000000745580000)
 Metaspace       used 19647K, capacity 19914K, committed 20224K, reserved 1067008K
  class space    used 2332K, capacity 2434K, committed 2560K, reserved 1048576K
}
Event: 13.152 GC heap before
{Heap before GC invocations=4 (full 0):
 PSYoungGen      total 38400K, used 13576K [0x0000000795580000, 0x000000079a080000, 0x00000007c0000000)
  eden space 33280K, 25% used [0x0000000795580000,0x0000000795dc65c8,0x0000000797600000)
  from space 5120K, 99% used [0x0000000797600000,0x0000000797afbcd8,0x0000000797b00000)
  to   space 5120K, 0% used [0x0000000799b80000,0x0000000799b80000,0x000000079a080000)
 ParOldGen       total 87552K, used 7046K [0x0000000740000000, 0x0000000745580000, 0x0000000795580000)
  object space 87552K, 8% used [0x0000000740000000,0x00000007406e1818,0x0000000745580000)
 Metaspace       used 20737K, capacity 21040K, committed 21296K, reserved 1069056K
  class space    used 2469K, capacity 2595K, committed 2688K, reserved 1048576K
Event: 13.163 GC heap after
Heap after GC invocations=4 (full 0):
 PSYoungGen      total 71680K, used 5098K [0x0000000795580000, 0x000000079a080000, 0x00000007c0000000)
  eden space 66560K, 0% used [0x0000000795580000,0x0000000795580000,0x0000000799680000)
  from space 5120K, 99% used [0x0000000799b80000,0x000000079a07a980,0x000000079a080000)
  to   space 5120K, 0% used [0x0000000799680000,0x0000000799680000,0x0000000799b80000)
 ParOldGen       total 87552K, used 8027K [0x0000000740000000, 0x0000000745580000, 0x0000000795580000)
  object space 87552K, 9% used [0x0000000740000000,0x00000007407d6f10,0x0000000745580000)
 Metaspace       used 20737K, capacity 21040K, committed 21296K, reserved 1069056K
  class space    used 2469K, capacity 2595K, committed 2688K, reserved 1048576K
}
Event: 13.163 GC heap before
{Heap before GC invocations=5 (full 1):
 PSYoungGen      total 71680K, used 5098K [0x0000000795580000, 0x000000079a080000, 0x00000007c0000000)
  eden space 66560K, 0% used [0x0000000795580000,0x0000000795580000,0x0000000799680000)
  from space 5120K, 99% used [0x0000000799b80000,0x000000079a07a980,0x000000079a080000)
  to   space 5120K, 0% used [0x0000000799680000,0x0000000799680000,0x0000000799b80000)
 ParOldGen       total 87552K, used 8027K [0x0000000740000000, 0x0000000745580000, 0x0000000795580000)
  object space 87552K, 9% used [0x0000000740000000,0x00000007407d6f10,0x0000000745580000)
 Metaspace       used 20737K, capacity 21040K, committed 21296K, reserved 1069056K
  class space    used 2469K, capacity 2595K, committed 2688K, reserved 1048576K
Event: 13.205 GC heap after
Heap after GC invocations=5 (full 1):
 PSYoungGen      total 71680K, used 0K [0x0000000795580000, 0x000000079a080000, 0x00000007c0000000)
  eden space 66560K, 0% used [0x0000000795580000,0x0000000795580000,0x0000000799680000)
  from space 5120K, 0% used [0x0000000799b80000,0x0000000799b80000,0x000000079a080000)
  to   space 5120K, 0% used [0x0000000799680000,0x0000000799680000,0x0000000799b80000)
 ParOldGen       total 47616K, used 6091K [0x0000000740000000, 0x0000000742e80000, 0x0000000795580000)
  object space 47616K, 12% used [0x0000000740000000,0x00000007405f2d70,0x0000000742e80000)
 Metaspace       used 20733K, capacity 21034K, committed 21296K, reserved 1069056K
  class space    used 2468K, capacity 2593K, committed 2688K, reserved 1048576K
}
Event: 57.229 GC heap before
{Heap before GC invocations=6 (full 1):
 PSYoungGen      total 71680K, used 66560K [0x0000000795580000, 0x000000079a080000, 0x00000007c0000000)
  eden space 66560K, 100% used [0x0000000795580000,0x0000000799680000,0x0000000799680000)
  from space 5120K, 0% used [0x0000000799b80000,0x0000000799b80000,0x000000079a080000)
  to   space 5120K, 0% used [0x0000000799680000,0x0000000799680000,0x0000000799b80000)
 ParOldGen       total 47616K, used 6091K [0x0000000740000000, 0x0000000742e80000, 0x0000000795580000)
  object space 47616K, 12% used [0x0000000740000000,0x00000007405f2d70,0x0000000742e80000)
 Metaspace       used 26619K, capacity 26964K, committed 27264K, reserved 1073152K
  class space    used 3312K, capacity 3432K, committed 3456K, reserved 1048576K
Event: 57.236 GC heap after
Heap after GC invocations=6 (full 1):
 PSYoungGen      total 71680K, used 5110K [0x0000000795580000, 0x000000079e000000, 0x00000007c0000000)
  eden space 66560K, 0% used [0x0000000795580000,0x0000000795580000,0x0000000799680000)
  from space 5120K, 99% used [0x0000000799680000,0x0000000799b7d860,0x0000000799b80000)
  to   space 9216K, 0% used [0x000000079d700000,0x000000079d700000,0x000000079e000000)
 ParOldGen       total 47616K, used 8243K [0x0000000740000000, 0x0000000742e80000, 0x0000000795580000)
  object space 47616K, 17% used [0x0000000740000000,0x000000074080cfd8,0x0000000742e80000)
 Metaspace       used 26619K, capacity 26964K, committed 27264K, reserved 1073152K
  class space    used 3312K, capacity 3432K, committed 3456K, reserved 1048576K
}

