# JRE version: Java(TM) SE Runtime Environment (8.0_101-b13) (build 1.8.0_101-b13)
# Java VM: Java HotSpot(TM) 64-Bit Server VM (25.101-b13 mixed mode bsd-amd64 compressed oops)
Heap:
 PSYoungGen      total 69120K, used 16920K [0x0000000795580000, 0x000000079a400000, 0x00000007c0000000)
  eden space 60928K, 21% used [0x0000000795580000,0x000000079628bb88,0x0000000799100000)
  from space 8192K, 43% used [0x0000000799c00000,0x0000000799f7a5c0,0x000000079a400000)
  to   space 9728K, 0% used [0x0000000799100000,0x0000000799100000,0x0000000799a80000)
 ParOldGen       total 47616K, used 6029K [0x0000000740000000, 0x0000000742e80000, 0x0000000795580000)
  object space 47616K, 12% used [0x0000000740000000,0x00000007405e3608,0x0000000742e80000)
 Metaspace       used 26644K, capacity 26932K, committed 27264K, reserved 1073152K
  class space    used 3307K, capacity 3400K, committed 3456K, reserved 1048576K
GC Heap History (10 events):
Event: 17.963 GC heap before
{Heap before GC invocations=3 (full 0):
 PSYoungGen      total 38400K, used 38372K [0x0000000795580000, 0x000000079a080000, 0x00000007c0000000)
  eden space 33280K, 100% used [0x0000000795580000,0x0000000797600000,0x0000000797600000)
  from space 5120K, 99% used [0x0000000797b00000,0x0000000797ff9028,0x0000000798000000)
  to   space 5120K, 0% used [0x0000000797600000,0x0000000797600000,0x0000000797b00000)
 ParOldGen       total 87552K, used 3513K [0x0000000740000000, 0x0000000745580000, 0x0000000795580000)
  object space 87552K, 4% used [0x0000000740000000,0x000000074036e630,0x0000000745580000)
 Metaspace       used 19737K, capacity 20074K, committed 20224K, reserved 1067008K
  class space    used 2342K, capacity 2466K, committed 2560K, reserved 1048576K
Event: 17.975 GC heap after
Heap after GC invocations=3 (full 0):
 PSYoungGen      total 38400K, used 5100K [0x0000000795580000, 0x0000000798000000, 0x00000007c0000000)
  eden space 33280K, 0% used [0x0000000795580000,0x0000000795580000,0x0000000797600000)
  from space 5120K, 99% used [0x0000000797600000,0x0000000797afb068,0x0000000797b00000)
  to   space 5120K, 0% used [0x0000000797b00000,0x0000000797b00000,0x0000000798000000)
 ParOldGen       total 87552K, used 6814K [0x0000000740000000, 0x0000000745580000, 0x0000000795580000)
  object space 87552K, 7% used [0x0000000740000000,0x00000007406a7958,0x0000000745580000)
 Metaspace       used 19737K, capacity 20074K, committed 20224K, reserved 1067008K
  class space    used 2342K, capacity 2466K, committed 2560K, reserved 1048576K
}
Event: 18.109 GC heap before
{Heap before GC invocations=4 (full 0):
 PSYoungGen      total 38400K, used 12320K [0x0000000795580000, 0x0000000798000000, 0x00000007c0000000)
  eden space 33280K, 21% used [0x0000000795580000,0x0000000795c8d1f8,0x0000000797600000)
  from space 5120K, 99% used [0x0000000797600000,0x0000000797afb068,0x0000000797b00000)
  to   space 5120K, 0% used [0x0000000797b00000,0x0000000797b00000,0x0000000798000000)
 ParOldGen       total 87552K, used 6814K [0x0000000740000000, 0x0000000745580000, 0x0000000795580000)
  object space 87552K, 7% used [0x0000000740000000,0x00000007406a7958,0x0000000745580000)
 Metaspace       used 20769K, capacity 21040K, committed 21296K, reserved 1069056K
  class space    used 2468K, capacity 2595K, committed 2688K, reserved 1048576K
Event: 18.117 GC heap after
Heap after GC invocations=4 (full 0):
 PSYoungGen      total 38400K, used 5101K [0x0000000795580000, 0x000000079a080000, 0x00000007c0000000)
  eden space 33280K, 0% used [0x0000000795580000,0x0000000795580000,0x0000000797600000)
  from space 5120K, 99% used [0x0000000797b00000,0x0000000797ffb610,0x0000000798000000)
  to   space 5120K, 0% used [0x0000000797600000,0x0000000797600000,0x0000000797b00000)
 ParOldGen       total 87552K, used 7731K [0x0000000740000000, 0x0000000745580000, 0x0000000795580000)
  object space 87552K, 8% used [0x0000000740000000,0x000000074078ccd0,0x0000000745580000)
 Metaspace       used 20769K, capacity 21040K, committed 21296K, reserved 1069056K
  class space    used 2468K, capacity 2595K, committed 2688K, reserved 1048576K
}
Event: 18.117 GC heap before
{Heap before GC invocations=5 (full 1):
 PSYoungGen      total 38400K, used 5101K [0x0000000795580000, 0x000000079a080000, 0x00000007c0000000)
  eden space 33280K, 0% used [0x0000000795580000,0x0000000795580000,0x0000000797600000)
  from space 5120K, 99% used [0x0000000797b00000,0x0000000797ffb610,0x0000000798000000)
  to   space 5120K, 0% used [0x0000000797600000,0x0000000797600000,0x0000000797b00000)
 ParOldGen       total 87552K, used 7731K [0x0000000740000000, 0x0000000745580000, 0x0000000795580000)
  object space 87552K, 8% used [0x0000000740000000,0x000000074078ccd0,0x0000000745580000)
 Metaspace       used 20769K, capacity 21040K, committed 21296K, reserved 1069056K
  class space    used 2468K, capacity 2595K, committed 2688K, reserved 1048576K
Event: 18.164 GC heap after
Heap after GC invocations=5 (full 1):
 PSYoungGen      total 38400K, used 0K [0x0000000795580000, 0x000000079a080000, 0x00000007c0000000)
  eden space 33280K, 0% used [0x0000000795580000,0x0000000795580000,0x0000000797600000)
  from space 5120K, 0% used [0x0000000797b00000,0x0000000797b00000,0x0000000798000000)
  to   space 5120K, 0% used [0x0000000797600000,0x0000000797600000,0x0000000797b00000)
 ParOldGen       total 47616K, used 6021K [0x0000000740000000, 0x0000000742e80000, 0x0000000795580000)
  object space 47616K, 12% used [0x0000000740000000,0x00000007405e1608,0x0000000742e80000)
 Metaspace       used 20765K, capacity 21034K, committed 21296K, reserved 1069056K
  class space    used 2467K, capacity 2593K, committed 2688K, reserved 1048576K
}
Event: 18.905 GC heap before
{Heap before GC invocations=6 (full 1):
 PSYoungGen      total 38400K, used 33280K [0x0000000795580000, 0x000000079a080000, 0x00000007c0000000)
  eden space 33280K, 100% used [0x0000000795580000,0x0000000797600000,0x0000000797600000)
  from space 5120K, 0% used [0x0000000797b00000,0x0000000797b00000,0x0000000798000000)
  to   space 5120K, 0% used [0x0000000797600000,0x0000000797600000,0x0000000797b00000)
 ParOldGen       total 47616K, used 6021K [0x0000000740000000, 0x0000000742e80000, 0x0000000795580000)
  object space 47616K, 12% used [0x0000000740000000,0x00000007405e1608,0x0000000742e80000)
 Metaspace       used 24187K, capacity 24476K, committed 24704K, reserved 1071104K
  class space    used 2961K, capacity 3076K, committed 3200K, reserved 1048576K
Event: 18.909 GC heap after
Heap after GC invocations=6 (full 1):
 PSYoungGen      total 38400K, used 4650K [0x0000000795580000, 0x000000079a580000, 0x00000007c0000000)
  eden space 33280K, 0% used [0x0000000795580000,0x0000000795580000,0x0000000797600000)
  from space 5120K, 90% used [0x0000000797600000,0x0000000797a8aa98,0x0000000797b00000)
  to   space 9728K, 0% used [0x0000000799c00000,0x0000000799c00000,0x000000079a580000)
 ParOldGen       total 47616K, used 6021K [0x0000000740000000, 0x0000000742e80000, 0x0000000795580000)
  object space 47616K, 12% used [0x0000000740000000,0x00000007405e1608,0x0000000742e80000)
 Metaspace       used 24187K, capacity 24476K, committed 24704K, reserved 1071104K
  class space    used 2961K, capacity 3076K, committed 3200K, reserved 1048576K
}
Event: 72.025 GC heap before
{Heap before GC invocations=7 (full 1):
 PSYoungGen      total 38400K, used 37930K [0x0000000795580000, 0x000000079a580000, 0x00000007c0000000)
  eden space 33280K, 100% used [0x0000000795580000,0x0000000797600000,0x0000000797600000)
  from space 5120K, 90% used [0x0000000797600000,0x0000000797a8aa98,0x0000000797b00000)
  to   space 9728K, 0% used [0x0000000799c00000,0x0000000799c00000,0x000000079a580000)
 ParOldGen       total 47616K, used 6021K [0x0000000740000000, 0x0000000742e80000, 0x0000000795580000)
  object space 47616K, 12% used [0x0000000740000000,0x00000007405e1608,0x0000000742e80000)
 Metaspace       used 26599K, capacity 26932K, committed 27264K, reserved 1073152K
  class space    used 3307K, capacity 3400K, committed 3456K, reserved 1048576K
Event: 72.041 GC heap after
Heap after GC invocations=7 (full 1):
 PSYoungGen      total 69120K, used 3561K [0x0000000795580000, 0x000000079a400000, 0x00000007c0000000)
  eden space 60928K, 0% used [0x0000000795580000,0x0000000795580000,0x0000000799100000)
  from space 8192K, 43% used [0x0000000799c00000,0x0000000799f7a5c0,0x000000079a400000)
  to   space 9728K, 0% used [0x0000000799100000,0x0000000799100000,0x0000000799a80000)
 ParOldGen       total 47616K, used 6029K [0x0000000740000000, 0x0000000742e80000, 0x0000000795580000)
  object space 47616K, 12% used [0x0000000740000000,0x00000007405e3608,0x0000000742e80000)
 Metaspace       used 26599K, capacity 26932K, committed 27264K, reserved 1073152K
  class space    used 3307K, capacity 3400K, committed 3456K, reserved 1048576K
}

